% nm values
0000000000600e20 d _DYNAMIC
0000000000601000 d _GLOBAL_OFFSET_TABLE_
00000000004006d0 R _IO_stdin_used
                 w _ITM_deregisterTMCloneTable
                 w _ITM_registerTMCloneTable
                 w _Jv_RegisterClasses
0000000000400938 r __FRAME_END__
00000000004007ec r __GNU_EH_FRAME_HDR
0000000000600e18 d __JCR_END__
0000000000600e18 d __JCR_LIST__
0000000000601050 D __TMC_END__
0000000000601050 B __bss_start
0000000000601028 D __data_start
0000000000400500 t __do_global_dtors_aux
0000000000600e10 t __do_global_dtors_aux_fini_array_entry
00000000004006d8 R __dso_handle
0000000000600e08 t __frame_dummy_init_array_entry
                 w __gmon_start__
0000000000600e10 t __init_array_end
0000000000600e08 t __init_array_start
00000000004006c0 T __libc_csu_fini
0000000000400650 T __libc_csu_init
                 U __libc_start_main@@GLIBC_2.2.5
0000000000601050 D _edata
0000000000601070 B _end
00000000004006c4 T _fini
0000000000400400 T _init
0000000000400450 T _start
0000000000601030 D c
0000000000601068 B ci0
00000000004007dc R ci1
00000000004007e0 R ci2
0000000000601050 b completed.6917
0000000000601028 W data_start
0000000000400480 t deregister_tm_clones
                 U exit@@GLIBC_2.2.5
0000000000400520 t frame_dummy
000000000040063c T func
000000000060106c B i0
0000000000601054 B i1
0000000000601034 D i2
0000000000400546 T main
0000000000601060 B p0
0000000000601040 D p1
                 U printf@@GLIBC_2.2.5
00000000004004c0 t register_tm_clones
0000000000601058 b si0
000000000060105c b si1
0000000000601038 d si2
0000000000601048 D str
% 
