% readelf -s readsec.o

Symbol table '.symtab' contains 20 entries:
   Num:    Value          Size Type    Bind   Vis      Ndx Name
     0: 0000000000000000     0 NOTYPE  LOCAL  DEFAULT  UND 
     1: 0000000000000000     0 FILE    LOCAL  DEFAULT  ABS readsec.c
     2: 0000000000000000     0 SECTION LOCAL  DEFAULT    1 
     3: 0000000000000000     0 SECTION LOCAL  DEFAULT    3 
     4: 0000000000000000     0 SECTION LOCAL  DEFAULT    4 
     5: 0000000000000000     0 SECTION LOCAL  DEFAULT    5 
     6: 0000000000000000     0 SECTION LOCAL  DEFAULT    7 
     7: 0000000000000000     0 SECTION LOCAL  DEFAULT    8 
     8: 0000000000000000     0 SECTION LOCAL  DEFAULT    6 
     9: 0000000000000000   425 FUNC    GLOBAL DEFAULT    1 main
    10: 0000000000000000     0 NOTYPE  GLOBAL DEFAULT  UND open
    11: 0000000000000000     0 NOTYPE  GLOBAL DEFAULT  UND fstat
    12: 0000000000000000     0 NOTYPE  GLOBAL DEFAULT  UND mmap
    13: 0000000000000000     0 NOTYPE  GLOBAL DEFAULT  UND stderr
    14: 0000000000000000     0 NOTYPE  GLOBAL DEFAULT  UND fprintf
    15: 0000000000000000     0 NOTYPE  GLOBAL DEFAULT  UND exit
    16: 0000000000000000     0 NOTYPE  GLOBAL DEFAULT  UND puts
    17: 0000000000000000     0 NOTYPE  GLOBAL DEFAULT  UND munmap
    18: 0000000000000000     0 NOTYPE  GLOBAL DEFAULT  UND close
    19: 00000000000001a9   190 FUNC    GLOBAL DEFAULT    1 flags_to_keys
