% readelf -r elfsamp.o

Relocation section '.rela.text' at offset 0x398 contains 15 entries:
  Offset          Info           Type           Sym. Value    Sym. Name + Addend
00000000000a  000f00000002 R_X86_64_PC32     0000000000000000 efunc - 4
000000000010  000300000002 R_X86_64_PC32     0000000000000000 .data - 8
00000000001a  000300000002 R_X86_64_PC32     0000000000000000 .data - 4
000000000020  000400000002 R_X86_64_PC32     0000000000000000 .bss - 4
000000000026  000d00000002 R_X86_64_PC32     0000000000000004 g2 - 8
000000000030  000d00000002 R_X86_64_PC32     0000000000000004 g2 - 4
000000000036  000c00000002 R_X86_64_PC32     0000000000000004 g1 - 4
00000000003c  001000000002 R_X86_64_PC32     0000000000000000 e3 - 8
00000000005b  000f00000002 R_X86_64_PC32     0000000000000000 efunc - 4
000000000061  001000000002 R_X86_64_PC32     0000000000000000 e3 - 8
00000000006b  001000000002 R_X86_64_PC32     0000000000000000 e3 - 4
000000000071  000c00000002 R_X86_64_PC32     0000000000000004 g1 - 4
000000000078  001200000002 R_X86_64_PC32     0000000000000000 stdout - 4
00000000008a  00070000000a R_X86_64_32       0000000000000000 .rodata + 4
00000000008f  001300000002 R_X86_64_PC32     0000000000000000 fwrite - 4

Relocation section '.rela.eh_frame' at offset 0x500 contains 2 entries:
  Offset          Info           Type           Sym. Value    Sym. Name + Addend
000000000020  000200000002 R_X86_64_PC32     0000000000000000 .text + 0
000000000040  000200000002 R_X86_64_PC32     0000000000000000 .text + 47
% 
