% readelf -S elfsamp.o
There are 13 section headers, starting at offset 0x598:

Section Headers:
  [Nr] Name              Type            Address          Off    Size   ES Flg Lk Inf Al
  [ 0]                   NULL            0000000000000000 000000 000000 00      0   0  0
  [ 1] .text             PROGBITS        0000000000000000 000040 000096 00  AX  0   0  1
  [ 2] .rela.text        RELA            0000000000000000 000398 000168 18   I 11   1  8
  [ 3] .data             PROGBITS        0000000000000000 0000d8 000008 00  WA  0   0  4
  [ 4] .bss              NOBITS          0000000000000000 0000e0 000004 00  WA  0   0  4
  [ 5] .rodata           PROGBITS        0000000000000000 0000e0 00000c 00   A  0   0  4
  [ 6] .comment          PROGBITS        0000000000000000 0000ec 00002d 01  MS  0   0  1
  [ 7] .note.GNU-stack   PROGBITS        0000000000000000 000119 000000 00      0   0  1
  [ 8] .eh_frame         PROGBITS        0000000000000000 000120 000058 00   A  0   0  8
  [ 9] .rela.eh_frame    RELA            0000000000000000 000500 000030 18   I 11   8  8
  [10] .shstrtab         STRTAB          0000000000000000 000530 000061 00      0   0  1
  [11] .symtab           SYMTAB          0000000000000000 000178 0001e0 18     12  12  8
  [12] .strtab           STRTAB          0000000000000000 000358 00003d 00      0   0  1
Key to Flags:
  W (write), A (alloc), X (execute), M (merge), S (strings), l (large)
  I (info), L (link order), G (group), T (TLS), E (exclude), x (unknown)
  O (extra OS processing required) o (OS specific), p (processor specific)
% 
