% readelf -s elfsamp

Symbol table '.dynsym' contains 17 entries:
   Num:    Value  Size Type    Bind   Vis      Ndx Name
     0: 00000000     0 NOTYPE  LOCAL  DEFAULT  UND 
     1: 080496d4     4 OBJECT  GLOBAL DEFAULT   19 __stdoutp
     2: 080495fc     0 OBJECT  GLOBAL DEFAULT  ABS _DYNAMIC
     3: 08048390     0 FUNC    GLOBAL DEFAULT    8 _init
     4: 080496f4     4 OBJECT  GLOBAL DEFAULT   19 environ
     5: 080483ac    42 FUNC    GLOBAL DEFAULT  UND fprintf
     6: 00000000     0 NOTYPE  WEAK   DEFAULT  UND __deregister_frame_info
     7: 08049700     0 NOTYPE  GLOBAL DEFAULT  ABS end
     8: 080495e4     4 OBJECT  GLOBAL DEFAULT   13 __progname
     9: 080496d4     0 NOTYPE  GLOBAL DEFAULT  ABS __bss_start
    10: 080485cc     0 FUNC    GLOBAL DEFAULT   11 _fini
    11: 080483bc   332 FUNC    GLOBAL DEFAULT  UND atexit
    12: 080496d4     0 NOTYPE  GLOBAL DEFAULT  ABS _edata
    13: 080496bc     0 OBJECT  GLOBAL DEFAULT  ABS _GLOBAL_OFFSET_TABLE_
    14: 08049700     0 NOTYPE  GLOBAL DEFAULT  ABS _end
    15: 080483cc    91 FUNC    GLOBAL DEFAULT  UND exit
    16: 00000000     0 NOTYPE  WEAK   DEFAULT  UND __register_frame_info

Symbol table '.symtab' contains 77 entries:
   Num:    Value  Size Type    Bind   Vis      Ndx Name
     0: 00000000     0 NOTYPE  LOCAL  DEFAULT  UND 
     1: 080480f4     0 SECTION LOCAL  DEFAULT    1 
     2: 08048110     0 SECTION LOCAL  DEFAULT    2 
     3: 08048128     0 SECTION LOCAL  DEFAULT    3 
     4: 080481b8     0 SECTION LOCAL  DEFAULT    4 
     5: 080482c8     0 SECTION LOCAL  DEFAULT    5 
     6: 08048370     0 SECTION LOCAL  DEFAULT    6 
     7: 08048378     0 SECTION LOCAL  DEFAULT    7 
     8: 08048390     0 SECTION LOCAL  DEFAULT    8 
     9: 0804839c     0 SECTION LOCAL  DEFAULT    9 
    10: 080483dc     0 SECTION LOCAL  DEFAULT   10 
    11: 080485cc     0 SECTION LOCAL  DEFAULT   11 
    12: 080485d4     0 SECTION LOCAL  DEFAULT   12 
    13: 080495e4     0 SECTION LOCAL  DEFAULT   13 
    14: 080495f8     0 SECTION LOCAL  DEFAULT   14 
    15: 080495fc     0 SECTION LOCAL  DEFAULT   15 
    16: 080496ac     0 SECTION LOCAL  DEFAULT   16 
    17: 080496b4     0 SECTION LOCAL  DEFAULT   17 
    18: 080496bc     0 SECTION LOCAL  DEFAULT   18 
    19: 080496d4     0 SECTION LOCAL  DEFAULT   19 
    20: 00000000     0 SECTION LOCAL  DEFAULT   20 
    21: 00000000     0 SECTION LOCAL  DEFAULT   21 
    22: 00000000     0 SECTION LOCAL  DEFAULT   22 
    23: 00000000     0 SECTION LOCAL  DEFAULT   23 
    24: 00000000     0 SECTION LOCAL  DEFAULT   24 
    25: 00000000     0 FILE    LOCAL  DEFAULT  ABS crtstuff.c
    26: 08048474     0 NOTYPE  LOCAL  DEFAULT   10 gcc2_compiled.
    27: 080495e8     0 OBJECT  LOCAL  DEFAULT   13 p.3
    28: 080496b4     0 OBJECT  LOCAL  DEFAULT   17 __DTOR_LIST__
    29: 080495ec     0 OBJECT  LOCAL  DEFAULT   13 completed.4
    30: 08048474     0 FUNC    LOCAL  DEFAULT   10 __do_global_dtors_aux
    31: 080495f8     0 OBJECT  LOCAL  DEFAULT   14 __EH_FRAME_BEGIN__
    32: 080484c8     0 FUNC    LOCAL  DEFAULT   10 fini_dummy
    33: 080496d8    24 OBJECT  LOCAL  DEFAULT   19 object.11
    34: 080484d0     0 FUNC    LOCAL  DEFAULT   10 frame_dummy
    35: 080484f4     0 FUNC    LOCAL  DEFAULT   10 init_dummy
    36: 080495f0     0 OBJECT  LOCAL  DEFAULT   13 force_to_data
    37: 080496ac     0 OBJECT  LOCAL  DEFAULT   16 __CTOR_LIST__
    38: 00000000     0 FILE    LOCAL  DEFAULT  ABS crtstuff.c
    39: 0804859c     0 NOTYPE  LOCAL  DEFAULT   10 gcc2_compiled.
    40: 0804859c     0 FUNC    LOCAL  DEFAULT   10 __do_global_ctors_aux
    41: 080496b0     0 OBJECT  LOCAL  DEFAULT   16 __CTOR_END__
    42: 080485c4     0 FUNC    LOCAL  DEFAULT   10 init_dummy
    43: 080495f8     0 OBJECT  LOCAL  DEFAULT   13 force_to_data
    44: 080496b8     0 OBJECT  LOCAL  DEFAULT   17 __DTOR_END__
    45: 080495f8     0 OBJECT  LOCAL  DEFAULT   14 __FRAME_END__
    46: 00000000     0 FILE    LOCAL  DEFAULT  ABS elfsamp.c
    47: 080484fc     0 NOTYPE  LOCAL  DEFAULT   10 gcc2_compiled.
    48: 080495f0     4 OBJECT  LOCAL  DEFAULT   13 s2
    49: 080484fc    63 FUNC    LOCAL  DEFAULT   10 sfunc
    50: 080496f0     4 OBJECT  LOCAL  DEFAULT   19 s1
    51: 00000000     0 FILE    LOCAL  DEFAULT  ABS main.c
    52: 08048578     0 NOTYPE  LOCAL  DEFAULT   10 gcc2_compiled.
    53: 080496d4     4 OBJECT  GLOBAL DEFAULT   19 __stdoutp
    54: 080485d8     4 OBJECT  GLOBAL DEFAULT   12 g3
    55: 0804853c    60 FUNC    GLOBAL DEFAULT   10 gfunc
    56: 080495fc     0 OBJECT  GLOBAL DEFAULT  ABS _DYNAMIC
    57: 080496f8     4 OBJECT  GLOBAL DEFAULT   19 g1
    58: 08048578     5 FUNC    GLOBAL DEFAULT   10 efunc
    59: 08048390     0 FUNC    GLOBAL DEFAULT    8 _init
    60: 080495f4     4 OBJECT  GLOBAL DEFAULT   13 g2
    61: 080496f4     4 OBJECT  GLOBAL DEFAULT   19 environ
    62: 080483ac    42 FUNC    GLOBAL DEFAULT  UND fprintf
    63: 00000000     0 NOTYPE  WEAK   DEFAULT  UND __deregister_frame_info
    64: 08049700     0 NOTYPE  GLOBAL DEFAULT  ABS end
    65: 080495e4     4 OBJECT  GLOBAL DEFAULT   13 __progname
    66: 080483dc   151 FUNC    GLOBAL DEFAULT   10 _start
    67: 080496d4     0 NOTYPE  GLOBAL DEFAULT  ABS __bss_start
    68: 08048580    26 FUNC    GLOBAL DEFAULT   10 main
    69: 080485cc     0 FUNC    GLOBAL DEFAULT   11 _fini
    70: 080483bc   332 FUNC    GLOBAL DEFAULT  UND atexit
    71: 080496d4     0 NOTYPE  GLOBAL DEFAULT  ABS _edata
    72: 080496bc     0 OBJECT  GLOBAL DEFAULT  ABS _GLOBAL_OFFSET_TABLE_
    73: 08049700     0 NOTYPE  GLOBAL DEFAULT  ABS _end
    74: 080483cc    91 FUNC    GLOBAL DEFAULT  UND exit
    75: 00000000     0 NOTYPE  WEAK   DEFAULT  UND __register_frame_info
    76: 080496fc     4 OBJECT  GLOBAL DEFAULT   19 e3
% 
