% readelf -s elfsamp.o

Symbol table '.symtab' contains 20 entries:
   Num:    Value          Size Type    Bind   Vis      Ndx Name
     0: 0000000000000000     0 NOTYPE  LOCAL  DEFAULT  UND 
     1: 0000000000000000     0 FILE    LOCAL  DEFAULT  ABS elfsamp.c
     2: 0000000000000000     0 SECTION LOCAL  DEFAULT    1 
     3: 0000000000000000     0 SECTION LOCAL  DEFAULT    3 
     4: 0000000000000000     0 SECTION LOCAL  DEFAULT    4 
     5: 0000000000000000     4 OBJECT  LOCAL  DEFAULT    4 s1
     6: 0000000000000000     4 OBJECT  LOCAL  DEFAULT    3 s2
     7: 0000000000000000     0 SECTION LOCAL  DEFAULT    5 
     8: 0000000000000000    71 FUNC    LOCAL  DEFAULT    1 sfunc
     9: 0000000000000000     0 SECTION LOCAL  DEFAULT    7 
    10: 0000000000000000     0 SECTION LOCAL  DEFAULT    8 
    11: 0000000000000000     0 SECTION LOCAL  DEFAULT    6 
    12: 0000000000000004     4 OBJECT  GLOBAL DEFAULT  COM g1
    13: 0000000000000004     4 OBJECT  GLOBAL DEFAULT    3 g2
    14: 0000000000000000     4 OBJECT  GLOBAL DEFAULT    5 g3
    15: 0000000000000000     0 NOTYPE  GLOBAL DEFAULT  UND efunc
    16: 0000000000000000     0 NOTYPE  GLOBAL DEFAULT  UND e3
    17: 0000000000000047    79 FUNC    GLOBAL DEFAULT    1 gfunc
    18: 0000000000000000     0 NOTYPE  GLOBAL DEFAULT  UND stdout
    19: 0000000000000000     0 NOTYPE  GLOBAL DEFAULT  UND fwrite
% 
