% readelf -S elfsamp
There are 30 section headers, starting at offset 0x1b28:

Section Headers:
  [Nr] Name              Type            Address          Off    Size   ES Flg Lk Inf Al
  [ 0]                   NULL            0000000000000000 000000 000000 00      0   0  0
  [ 1] .interp           PROGBITS        0000000000400238 000238 00001c 00   A  0   0  1
  [ 2] .note.ABI-tag     NOTE            0000000000400254 000254 000020 00   A  0   0  4
  [ 3] .note.gnu.build-id NOTE            0000000000400274 000274 000024 00   A  0   0  4
  [ 4] .gnu.hash         GNU_HASH        0000000000400298 000298 000024 00   A  5   0  8
  [ 5] .dynsym           DYNSYM          00000000004002c0 0002c0 000090 18   A  6   1  8
  [ 6] .dynstr           STRTAB          0000000000400350 000350 00004b 00   A  0   0  1
  [ 7] .gnu.version      VERSYM          000000000040039c 00039c 00000c 02   A  5   0  2
  [ 8] .gnu.version_r    VERNEED         00000000004003a8 0003a8 000020 00   A  6   1  8
  [ 9] .rela.dyn         RELA            00000000004003c8 0003c8 000048 18   A  5   0  8
  [10] .rela.plt         RELA            0000000000400410 000410 000030 18  AI  5  23  8
  [11] .init             PROGBITS        0000000000400440 000440 000017 00  AX  0   0  4
  [12] .plt              PROGBITS        0000000000400460 000460 000030 10  AX  0   0 16
  [13] .text             PROGBITS        0000000000400490 000490 000222 00  AX  0   0 16
  [14] .fini             PROGBITS        00000000004006b4 0006b4 000009 00  AX  0   0  4
  [15] .rodata           PROGBITS        00000000004006c0 0006c0 00001c 00   A  0   0  8
  [16] .eh_frame_hdr     PROGBITS        00000000004006dc 0006dc 00004c 00   A  0   0  4
  [17] .eh_frame         PROGBITS        0000000000400728 000728 000154 00   A  0   0  8
  [18] .init_array       INIT_ARRAY      0000000000600e08 000e08 000008 00  WA  0   0  8
  [19] .fini_array       FINI_ARRAY      0000000000600e10 000e10 000008 00  WA  0   0  8
  [20] .jcr              PROGBITS        0000000000600e18 000e18 000008 00  WA  0   0  8
  [21] .dynamic          DYNAMIC         0000000000600e20 000e20 0001d0 10  WA  6   0  8
  [22] .got              PROGBITS        0000000000600ff0 000ff0 000010 08  WA  0   0  8
  [23] .got.plt          PROGBITS        0000000000601000 001000 000028 08  WA  0   0  8
  [24] .data             PROGBITS        0000000000601028 001028 00000c 00  WA  0   0  4
  [25] .bss              NOBITS          0000000000601038 001034 000018 00  WA  0   0  8
  [26] .comment          PROGBITS        0000000000000000 001034 00002c 01  MS  0   0  1
  [27] .shstrtab         STRTAB          0000000000000000 001a19 000108 00      0   0  1
  [28] .symtab           SYMTAB          0000000000000000 001060 000750 18     29  50  8
  [29] .strtab           STRTAB          0000000000000000 0017b0 000269 00      0   0  1
Key to Flags:
  W (write), A (alloc), X (execute), M (merge), S (strings), l (large)
  I (info), L (link order), G (group), T (TLS), E (exclude), x (unknown)
  O (extra OS processing required) o (OS specific), p (processor specific)
% 
