% objdump -h -p otherscr

otherscr:     file format elf32-i386

Program Header:
    PHDR off    0x00000034 vaddr 0x00001034 paddr 0x00000000 align 2**2
         filesz 0x00000100 memsz 0x00000100 flags r-x
  INTERP off    0x00003128 vaddr 0x08000128 paddr 0x08000128 align 2**0
         filesz 0x00000019 memsz 0x00000019 flags r--
    LOAD off    0x00001000 vaddr 0x00010000 paddr 0x00010000 align 2**12
         filesz 0x000001de memsz 0x000001de flags r-x
    LOAD off    0x00002000 vaddr 0x08000000 paddr 0x08000000 align 2**12
         filesz 0x000000d4 memsz 0x000000f0 flags rw-
    LOAD off    0x000020f0 vaddr 0x080000f0 paddr 0x080000f0 align 2**12
         filesz 0x00000005 memsz 0x00001000 flags rw-
    LOAD off    0x000030f8 vaddr 0x080000f8 paddr 0x080000f8 align 2**12
         filesz 0x000001d8 memsz 0x000001d8 flags r--
 DYNAMIC off    0x00002010 vaddr 0x08000010 paddr 0x08000010 align 2**2
         filesz 0x00000098 memsz 0x00000098 flags rw-
    NOTE off    0x000030f8 vaddr 0x080000f8 paddr 0x080000f8 align 2**2
         filesz 0x00000018 memsz 0x00000018 flags r--

Dynamic Section:

        ...(ÃæÎ¬)...

Sections:
Idx Name          Size      VMA       LMA       File off  Algn
  0 .text         0000018c  00010000  00010000  00001000  2**2
                  CONTENTS, ALLOC, LOAD, READONLY, CODE
  1 .plt          00000040  0001018c  0001018c  0000118c  2**2
                  CONTENTS, ALLOC, LOAD, READONLY, CODE
  2 .init         0000000b  000101cc  000101cc  000011cc  2**2
                  CONTENTS, ALLOC, LOAD, READONLY, CODE
  3 .fini         00000006  000101d8  000101d8  000011d8  2**2
                  CONTENTS, ALLOC, LOAD, READONLY, CODE
  4 .data         00000010  08000000  08000000  00002000  2**2
                  CONTENTS, ALLOC, LOAD, DATA
  5 .dynamic      00000098  08000010  08000010  00002010  2**2
                  CONTENTS, ALLOC, LOAD, DATA
  6 .got.plt      00000018  080000a8  080000a8  000020a8  2**2
                  CONTENTS, ALLOC, LOAD, DATA
  7 .ctors        00000008  080000c0  080000c0  000020c0  2**2
                  CONTENTS, ALLOC, LOAD, DATA
  8 .dtors        00000008  080000c8  080000c8  000020c8  2**2
                  CONTENTS, ALLOC, LOAD, DATA
  9 .eh_frame     00000004  080000d0  080000d0  000020d0  2**2
                  CONTENTS, ALLOC, LOAD, DATA
 10 .bss          0000001c  080000d4  080000d4  000020d4  2**2
                  ALLOC
 11 .dynbss       00000000  080000f0  080000f0  000030f0  2**0
                  ALLOC
 12 .rodata       00000005  080000f0  080000f0  000020f0  2**0
                  CONTENTS, ALLOC, LOAD, READONLY, DATA
 13 .note.ABI-tag 00000018  080000f8  080000f8  000030f8  2**2
                  CONTENTS, ALLOC, LOAD, READONLY, DATA
 14 .rel.plt      00000018  08000110  08000110  00003110  2**2
                  CONTENTS, ALLOC, LOAD, READONLY, DATA
 15 .interp       00000019  08000128  08000128  00003128  2**0
                  CONTENTS, ALLOC, LOAD, READONLY, DATA
 16 .dynsym       000000c0  08000144  08000144  00003144  2**2
                  CONTENTS, ALLOC, LOAD, READONLY, DATA
 17 .dynstr       00000085  08000204  08000204  00003204  2**0
                  CONTENTS, ALLOC, LOAD, READONLY, DATA
 18 .hash         00000044  0800028c  0800028c  0000328c  2**2
                  CONTENTS, ALLOC, LOAD, READONLY, DATA
 19 .comment      000000f0  00000000  00000000  000032d0  2**0
                  CONTENTS, READONLY
 20 .note         00000078  00000000  00000000  000033c0  2**0
                  CONTENTS, READONLY
% 
