
hello:     file format elf64-x86-64

Program Header:
    PHDR off    0x0000000000000040 vaddr 0x0000000000400040 paddr 0x0000000000400040 align 2**3
         filesz 0x00000000000001f8 memsz 0x00000000000001f8 flags r-x
  INTERP off    0x0000000000000238 vaddr 0x0000000000400238 paddr 0x0000000000400238 align 2**0
         filesz 0x000000000000001c memsz 0x000000000000001c flags r--
    LOAD off    0x0000000000000000 vaddr 0x0000000000400000 paddr 0x0000000000400000 align 2**21
         filesz 0x000000000000072c memsz 0x000000000000072c flags r-x
    LOAD off    0x0000000000000e08 vaddr 0x0000000000600e08 paddr 0x0000000000600e08 align 2**21
         filesz 0x0000000000000224 memsz 0x0000000000000228 flags rw-
 DYNAMIC off    0x0000000000000e20 vaddr 0x0000000000600e20 paddr 0x0000000000600e20 align 2**3
         filesz 0x00000000000001d0 memsz 0x00000000000001d0 flags rw-
    NOTE off    0x0000000000000254 vaddr 0x0000000000400254 paddr 0x0000000000400254 align 2**2
         filesz 0x0000000000000044 memsz 0x0000000000000044 flags r--
EH_FRAME off    0x0000000000000600 vaddr 0x0000000000400600 paddr 0x0000000000400600 align 2**2
         filesz 0x0000000000000034 memsz 0x0000000000000034 flags r--
   STACK off    0x0000000000000000 vaddr 0x0000000000000000 paddr 0x0000000000000000 align 2**4
         filesz 0x0000000000000000 memsz 0x0000000000000000 flags rw-
   RELRO off    0x0000000000000e08 vaddr 0x0000000000600e08 paddr 0x0000000000600e08 align 2**0
         filesz 0x00000000000001f8 memsz 0x00000000000001f8 flags r--

Dynamic Section:
  NEEDED               libc.so.6
  INIT                 0x0000000000400400
  FINI                 0x00000000004005d4
  INIT_ARRAY           0x0000000000600e08
  INIT_ARRAYSZ         0x0000000000000008
  FINI_ARRAY           0x0000000000600e10
  FINI_ARRAYSZ         0x0000000000000008
  GNU_HASH             0x0000000000400298
  STRTAB               0x0000000000400330
  SYMTAB               0x00000000004002b8
  STRSZ                0x0000000000000042
  SYMENT               0x0000000000000018
  DEBUG                0x0000000000000000
  PLTGOT               0x0000000000601000
  PLTRELSZ             0x0000000000000030
  PLTREL               0x0000000000000007
  JMPREL               0x00000000004003d0
  RELA                 0x00000000004003a0
  RELASZ               0x0000000000000030
  RELAENT              0x0000000000000018
  VERNEED              0x0000000000400380
  VERNEEDNUM           0x0000000000000001
  VERSYM               0x0000000000400372

Version References:
  required from libc.so.6:
    0x09691a75 0x00 02 GLIBC_2.2.5

